<?xml version="1.0" encoding="UTF-8"?>
<coverage generated="1674982935">
  <project timestamp="1674982935">
    <file name="/srv/src/Calculator/AbstractCalculator.php">
      <class name="App\Calculator\AbstractCalculator" namespace="global">
        <metrics complexity="2" methods="2" coveredmethods="2" conditionals="0" coveredconditionals="0" statements="2" coveredstatements="2" elements="4" coveredelements="4"/>
      </class>
      <line num="14" type="method" name="__construct" visibility="public" complexity="1" crap="1" count="8"/>
      <line num="16" type="stmt" count="8"/>
      <line num="19" type="method" name="getStatistic" visibility="public" complexity="1" crap="1" count="8"/>
      <line num="21" type="stmt" count="8"/>
      <metrics loc="24" ncloc="24" classes="1" methods="2" coveredmethods="2" conditionals="0" coveredconditionals="0" statements="2" coveredstatements="2" elements="4" coveredelements="4"/>
    </file>
    <file name="/srv/src/Calculator/CalculatorInterface.php">
      <metrics loc="15" ncloc="15" classes="0" methods="0" coveredmethods="0" conditionals="0" coveredconditionals="0" statements="0" coveredstatements="0" elements="0" coveredelements="0"/>
    </file>
    <file name="/srv/src/Calculator/DexAvailabilitiesCalculator.php">
      <class name="App\Calculator\DexAvailabilitiesCalculator" namespace="global">
        <metrics complexity="5" methods="2" coveredmethods="2" conditionals="0" coveredconditionals="0" statements="21" coveredstatements="21" elements="23" coveredelements="23"/>
      </class>
      <line num="20" type="method" name="__construct" visibility="public" complexity="1" crap="1" count="4"/>
      <line num="27" type="stmt" count="4"/>
      <line num="30" type="method" name="execute" visibility="public" complexity="4" crap="4" count="4"/>
      <line num="32" type="stmt" count="4"/>
      <line num="34" type="stmt" count="4"/>
      <line num="36" type="stmt" count="4"/>
      <line num="39" type="stmt" count="4"/>
      <line num="40" type="stmt" count="4"/>
      <line num="42" type="stmt" count="4"/>
      <line num="43" type="stmt" count="3"/>
      <line num="44" type="stmt" count="3"/>
      <line num="45" type="stmt" count="3"/>
      <line num="46" type="stmt" count="3"/>
      <line num="47" type="stmt" count="3"/>
      <line num="48" type="stmt" count="3"/>
      <line num="49" type="stmt" count="3"/>
      <line num="51" type="stmt" count="3"/>
      <line num="52" type="stmt" count="3"/>
      <line num="55" type="stmt" count="3"/>
      <line num="57" type="stmt" count="3"/>
      <line num="59" type="stmt" count="3"/>
      <line num="62" type="stmt" count="4"/>
      <line num="63" type="stmt" count="4"/>
      <metrics loc="67" ncloc="65" classes="1" methods="2" coveredmethods="2" conditionals="0" coveredconditionals="0" statements="21" coveredstatements="21" elements="23" coveredelements="23"/>
    </file>
    <file name="/srv/src/Calculator/GameBundlesAvailabilitiesCalculator.php">
      <class name="App\Calculator\GameBundlesAvailabilitiesCalculator" namespace="global">
        <metrics complexity="2" methods="2" coveredmethods="2" conditionals="0" coveredconditionals="0" statements="4" coveredstatements="4" elements="6" coveredelements="6"/>
      </class>
      <line num="12" type="method" name="__construct" visibility="public" complexity="1" crap="1" count="4"/>
      <line num="15" type="stmt" count="4"/>
      <line num="18" type="method" name="execute" visibility="public" complexity="1" crap="1" count="4"/>
      <line num="20" type="stmt" count="4"/>
      <line num="22" type="stmt" count="4"/>
      <line num="24" type="stmt" count="4"/>
      <metrics loc="27" ncloc="27" classes="1" methods="2" coveredmethods="2" conditionals="0" coveredconditionals="0" statements="4" coveredstatements="4" elements="6" coveredelements="6"/>
    </file>
    <file name="/srv/src/Command/AbstractCalculateCommand.php">
      <class name="App\Command\AbstractCalculateCommand" namespace="global">
        <metrics complexity="3" methods="2" coveredmethods="2" conditionals="0" coveredconditionals="0" statements="7" coveredstatements="7" elements="9" coveredelements="9"/>
      </class>
      <line num="18" type="method" name="__construct" visibility="public" complexity="1" crap="1" count="4"/>
      <line num="22" type="stmt" count="4"/>
      <line num="28" type="method" name="execute" visibility="protected" complexity="2" crap="2" count="4"/>
      <line num="30" type="stmt" count="4"/>
      <line num="32" type="stmt" count="4"/>
      <line num="35" type="stmt" count="4"/>
      <line num="36" type="stmt" count="4"/>
      <line num="38" type="stmt" count="4"/>
      <line num="41" type="stmt" count="4"/>
      <metrics loc="44" ncloc="40" classes="1" methods="2" coveredmethods="2" conditionals="0" coveredconditionals="0" statements="7" coveredstatements="7" elements="9" coveredelements="9"/>
    </file>
    <file name="/srv/src/Command/AbstractUpdateCommand.php">
      <class name="App\Command\AbstractUpdateCommand" namespace="global">
        <metrics complexity="3" methods="2" coveredmethods="2" conditionals="0" coveredconditionals="0" statements="7" coveredstatements="7" elements="9" coveredelements="9"/>
      </class>
      <line num="18" type="method" name="__construct" visibility="public" complexity="1" crap="1" count="5"/>
      <line num="22" type="stmt" count="5"/>
      <line num="28" type="method" name="execute" visibility="protected" complexity="2" crap="2" count="5"/>
      <line num="30" type="stmt" count="5"/>
      <line num="32" type="stmt" count="5"/>
      <line num="35" type="stmt" count="5"/>
      <line num="36" type="stmt" count="5"/>
      <line num="38" type="stmt" count="5"/>
      <line num="41" type="stmt" count="5"/>
      <metrics loc="44" ncloc="40" classes="1" methods="2" coveredmethods="2" conditionals="0" coveredconditionals="0" statements="7" coveredstatements="7" elements="9" coveredelements="9"/>
    </file>
    <file name="/srv/src/Command/CalculateDexAvailabilitiesCommand.php">
      <class name="App\Command\CalculateDexAvailabilitiesCommand" namespace="global">
        <metrics complexity="2" methods="2" coveredmethods="2" conditionals="0" coveredconditionals="0" statements="4" coveredstatements="4" elements="6" coveredelements="6"/>
      </class>
      <line num="16" type="method" name="__construct" visibility="public" complexity="1" crap="1" count="2"/>
      <line num="20" type="stmt" count="2"/>
      <line num="23" type="method" name="configure" visibility="protected" complexity="1" crap="1" count="2"/>
      <line num="25" type="stmt" count="2"/>
      <line num="26" type="stmt" count="2"/>
      <line num="27" type="stmt" count="2"/>
      <metrics loc="30" ncloc="30" classes="1" methods="2" coveredmethods="2" conditionals="0" coveredconditionals="0" statements="4" coveredstatements="4" elements="6" coveredelements="6"/>
    </file>
    <file name="/srv/src/Command/CalculateGameBundlesAvailabilitiesCommand.php">
      <class name="App\Command\CalculateGameBundlesAvailabilitiesCommand" namespace="global">
        <metrics complexity="2" methods="2" coveredmethods="2" conditionals="0" coveredconditionals="0" statements="4" coveredstatements="4" elements="6" coveredelements="6"/>
      </class>
      <line num="16" type="method" name="__construct" visibility="public" complexity="1" crap="1" count="2"/>
      <line num="20" type="stmt" count="2"/>
      <line num="23" type="method" name="configure" visibility="protected" complexity="1" crap="1" count="2"/>
      <line num="25" type="stmt" count="2"/>
      <line num="26" type="stmt" count="2"/>
      <line num="27" type="stmt" count="2"/>
      <metrics loc="30" ncloc="30" classes="1" methods="2" coveredmethods="2" conditionals="0" coveredconditionals="0" statements="4" coveredstatements="4" elements="6" coveredelements="6"/>
    </file>
    <file name="/srv/src/Command/UpdateGamesAndDexCommand.php">
      <class name="App\Command\UpdateGamesAndDexCommand" namespace="global">
        <metrics complexity="1" methods="1" coveredmethods="1" conditionals="0" coveredconditionals="0" statements="1" coveredstatements="1" elements="2" coveredelements="2"/>
      </class>
      <line num="16" type="method" name="__construct" visibility="public" complexity="1" crap="1" count="1"/>
      <line num="20" type="stmt" count="1"/>
      <metrics loc="23" ncloc="23" classes="1" methods="1" coveredmethods="1" conditionals="0" coveredconditionals="0" statements="1" coveredstatements="1" elements="2" coveredelements="2"/>
    </file>
    <file name="/srv/src/Command/UpdateGamesAvailabilitiesCommand.php">
      <class name="App\Command\UpdateGamesAvailabilitiesCommand" namespace="global">
        <metrics complexity="1" methods="1" coveredmethods="1" conditionals="0" coveredconditionals="0" statements="1" coveredstatements="1" elements="2" coveredelements="2"/>
      </class>
      <line num="16" type="method" name="__construct" visibility="public" complexity="1" crap="1" count="1"/>
      <line num="20" type="stmt" count="1"/>
      <metrics loc="23" ncloc="23" classes="1" methods="1" coveredmethods="1" conditionals="0" coveredconditionals="0" statements="1" coveredstatements="1" elements="2" coveredelements="2"/>
    </file>
    <file name="/srv/src/Command/UpdateLabelsCommand.php">
      <class name="App\Command\UpdateLabelsCommand" namespace="global">
        <metrics complexity="1" methods="1" coveredmethods="1" conditionals="0" coveredconditionals="0" statements="1" coveredstatements="1" elements="2" coveredelements="2"/>
      </class>
      <line num="16" type="method" name="__construct" visibility="public" complexity="1" crap="1" count="1"/>
      <line num="20" type="stmt" count="1"/>
      <metrics loc="23" ncloc="23" classes="1" methods="1" coveredmethods="1" conditionals="0" coveredconditionals="0" statements="1" coveredstatements="1" elements="2" coveredelements="2"/>
    </file>
    <file name="/srv/src/Command/UpdatePokemonsCommand.php">
      <class name="App\Command\UpdatePokemonsCommand" namespace="global">
        <metrics complexity="1" methods="1" coveredmethods="1" conditionals="0" coveredconditionals="0" statements="1" coveredstatements="1" elements="2" coveredelements="2"/>
      </class>
      <line num="16" type="method" name="__construct" visibility="public" complexity="1" crap="1" count="1"/>
      <line num="20" type="stmt" count="1"/>
      <metrics loc="23" ncloc="23" classes="1" methods="1" coveredmethods="1" conditionals="0" coveredconditionals="0" statements="1" coveredstatements="1" elements="2" coveredelements="2"/>
    </file>
    <file name="/srv/src/Command/UpdateRegionalDexNumbersCommand.php">
      <class name="App\Command\UpdateRegionalDexNumbersCommand" namespace="global">
        <metrics complexity="1" methods="1" coveredmethods="1" conditionals="0" coveredconditionals="0" statements="1" coveredstatements="1" elements="2" coveredelements="2"/>
      </class>
      <line num="16" type="method" name="__construct" visibility="public" complexity="1" crap="1" count="1"/>
      <line num="20" type="stmt" count="1"/>
      <metrics loc="23" ncloc="23" classes="1" methods="1" coveredmethods="1" conditionals="0" coveredconditionals="0" statements="1" coveredstatements="1" elements="2" coveredelements="2"/>
    </file>
    <file name="/srv/src/Controller/AdminController.php">
      <class name="App\Controller\AdminController" namespace="global">
        <metrics complexity="11" methods="10" coveredmethods="10" conditionals="0" coveredconditionals="0" statements="23" coveredstatements="23" elements="33" coveredelements="33"/>
      </class>
      <line num="25" type="method" name="updateLabels" visibility="public" complexity="1" crap="1" count="1"/>
      <line num="28" type="stmt" count="1"/>
      <line num="31" type="method" name="updateGamesAndDex" visibility="public" complexity="1" crap="1" count="1"/>
      <line num="35" type="stmt" count="1"/>
      <line num="38" type="method" name="updatePokemons" visibility="public" complexity="1" crap="1" count="1"/>
      <line num="42" type="stmt" count="1"/>
      <line num="45" type="method" name="updateRegionalDexNumbers" visibility="public" complexity="1" crap="1" count="1"/>
      <line num="49" type="stmt" count="1"/>
      <line num="52" type="method" name="updateGamesAvailabilities" visibility="public" complexity="1" crap="1" count="1"/>
      <line num="56" type="stmt" count="1"/>
      <line num="59" type="method" name="calculateGameBundlesAvailabilities" visibility="public" complexity="1" crap="1" count="1"/>
      <line num="63" type="stmt" count="1"/>
      <line num="66" type="method" name="calculateDexAvailabilities" visibility="public" complexity="1" crap="1" count="1"/>
      <line num="70" type="stmt" count="1"/>
      <line num="73" type="method" name="update" visibility="private" complexity="1" crap="1" count="5"/>
      <line num="75" type="stmt" count="5"/>
      <line num="77" type="stmt" count="5"/>
      <line num="78" type="stmt" count="5"/>
      <line num="79" type="stmt" count="5"/>
      <line num="80" type="stmt" count="5"/>
      <line num="81" type="stmt" count="5"/>
      <line num="83" type="method" name="calculate" visibility="private" complexity="1" crap="1" count="2"/>
      <line num="85" type="stmt" count="2"/>
      <line num="87" type="stmt" count="2"/>
      <line num="88" type="stmt" count="2"/>
      <line num="89" type="stmt" count="2"/>
      <line num="90" type="stmt" count="2"/>
      <line num="91" type="stmt" count="2"/>
      <line num="94" type="method" name="reportToArray" visibility="private" complexity="2" crap="2" count="7"/>
      <line num="96" type="stmt" count="7"/>
      <line num="99" type="stmt" count="7"/>
      <line num="100" type="stmt" count="7"/>
      <line num="103" type="stmt" count="7"/>
      <metrics loc="106" ncloc="105" classes="1" methods="10" coveredmethods="10" conditionals="0" coveredconditionals="0" statements="23" coveredstatements="23" elements="33" coveredelements="33"/>
    </file>
    <file name="/srv/src/Controller/AlbumController.php">
      <class name="App\Controller\AlbumController" namespace="global">
        <metrics complexity="10" methods="6" coveredmethods="6" conditionals="0" coveredconditionals="0" statements="37" coveredstatements="37" elements="43" coveredelements="43"/>
      </class>
      <line num="22" type="method" name="__construct" visibility="public" complexity="1" crap="1" count="11"/>
      <line num="26" type="stmt" count="11"/>
      <line num="28" type="method" name="index" visibility="public" complexity="1" crap="1" count="7"/>
      <line num="35" type="stmt" count="7"/>
      <line num="36" type="stmt" count="7"/>
      <line num="37" type="stmt" count="7"/>
      <line num="39" type="stmt" count="7"/>
      <line num="41" type="stmt" count="7"/>
      <line num="44" type="stmt" count="7"/>
      <line num="45" type="stmt" count="7"/>
      <line num="46" type="stmt" count="7"/>
      <line num="47" type="stmt" count="7"/>
      <line num="48" type="stmt" count="7"/>
      <line num="51" type="method" name="update" visibility="public" complexity="1" crap="1" count="2"/>
      <line num="58" type="stmt" count="2"/>
      <line num="60" type="stmt" count="1"/>
      <line num="63" type="method" name="create" visibility="public" complexity="1" crap="1" count="2"/>
      <line num="70" type="stmt" count="2"/>
      <line num="72" type="stmt" count="1"/>
      <line num="75" type="method" name="upsert" visibility="private" complexity="2" crap="2" count="4"/>
      <line num="77" type="stmt" count="4"/>
      <line num="79" type="stmt" count="4"/>
      <line num="80" type="stmt" count="2"/>
      <line num="84" type="stmt" count="2"/>
      <line num="86" type="stmt" count="2"/>
      <line num="89" type="method" name="getReport" visibility="private" complexity="4" crap="4" count="7"/>
      <line num="91" type="stmt" count="7"/>
      <line num="92" type="stmt" count="7"/>
      <line num="94" type="stmt" count="7"/>
      <line num="95" type="stmt" count="7"/>
      <line num="97" type="stmt" count="7"/>
      <line num="98" type="stmt" count="7"/>
      <line num="99" type="stmt" count="6"/>
      <line num="100" type="stmt" count="6"/>
      <line num="101" type="stmt" count="6"/>
      <line num="102" type="stmt" count="6"/>
      <line num="103" type="stmt" count="6"/>
      <line num="104" type="stmt" count="6"/>
      <line num="106" type="stmt" count="6"/>
      <line num="107" type="stmt" count="6"/>
      <line num="110" type="stmt" count="6"/>
      <line num="111" type="stmt" count="6"/>
      <line num="115" type="stmt" count="7"/>
      <metrics loc="118" ncloc="115" classes="1" methods="6" coveredmethods="6" conditionals="0" coveredconditionals="0" statements="37" coveredstatements="37" elements="43" coveredelements="43"/>
    </file>
    <file name="/srv/src/Controller/CatchStatesController.php">
      <class name="App\Controller\CatchStatesController" namespace="global">
        <metrics complexity="1" methods="1" coveredmethods="1" conditionals="0" coveredconditionals="0" statements="2" coveredstatements="2" elements="3" coveredelements="3"/>
      </class>
      <line num="15" type="method" name="get" visibility="public" complexity="1" crap="1" count="2"/>
      <line num="19" type="stmt" count="2"/>
      <line num="22" type="stmt" count="2"/>
      <metrics loc="25" ncloc="24" classes="1" methods="1" coveredmethods="1" conditionals="0" coveredconditionals="0" statements="2" coveredstatements="2" elements="3" coveredelements="3"/>
    </file>
    <file name="/srv/src/Controller/DexController.php">
      <class name="App\Controller\DexController" namespace="global">
        <metrics complexity="5" methods="3" coveredmethods="3" conditionals="0" coveredconditionals="0" statements="14" coveredstatements="14" elements="17" coveredelements="17"/>
      </class>
      <line num="20" type="method" name="__construct" visibility="public" complexity="1" crap="1" count="8"/>
      <line num="23" type="stmt" count="8"/>
      <line num="25" type="method" name="list" visibility="public" complexity="1" crap="1" count="3"/>
      <line num="30" type="stmt" count="3"/>
      <line num="31" type="stmt" count="3"/>
      <line num="32" type="stmt" count="3"/>
      <line num="35" type="stmt" count="3"/>
      <line num="38" type="method" name="put" visibility="public" complexity="3" crap="3" count="5"/>
      <line num="44" type="stmt" count="5"/>
      <line num="46" type="stmt" count="5"/>
      <line num="47" type="stmt" count="1"/>
      <line num="51" type="stmt" count="4"/>
      <line num="54" type="stmt" count="4"/>
      <line num="55" type="stmt" count="1"/>
      <line num="56" type="stmt" count="1"/>
      <line num="59" type="stmt" count="3"/>
      <line num="61" type="stmt" count="3"/>
      <metrics loc="64" ncloc="61" classes="1" methods="3" coveredmethods="3" conditionals="0" coveredconditionals="0" statements="14" coveredstatements="14" elements="17" coveredelements="17"/>
    </file>
    <file name="/srv/src/Controller/ReportsController.php">
      <class name="App\Controller\ReportsController" namespace="global">
        <metrics complexity="2" methods="2" coveredmethods="2" conditionals="0" coveredconditionals="0" statements="6" coveredstatements="6" elements="8" coveredelements="8"/>
      </class>
      <line num="15" type="method" name="__construct" visibility="public" complexity="1" crap="1" count="1"/>
      <line num="17" type="stmt" count="1"/>
      <line num="19" type="method" name="get" visibility="public" complexity="1" crap="1" count="1"/>
      <line num="22" type="stmt" count="1"/>
      <line num="23" type="stmt" count="1"/>
      <line num="24" type="stmt" count="1"/>
      <line num="25" type="stmt" count="1"/>
      <line num="26" type="stmt" count="1"/>
      <metrics loc="29" ncloc="29" classes="1" methods="2" coveredmethods="2" conditionals="0" coveredconditionals="0" statements="6" coveredstatements="6" elements="8" coveredelements="8"/>
    </file>
    <file name="/srv/src/DTO/AlbumReport/Report.php">
      <class name="App\DTO\AlbumReport\Report" namespace="global">
        <metrics complexity="1" methods="1" coveredmethods="1" conditionals="0" coveredconditionals="0" statements="1" coveredstatements="1" elements="2" coveredelements="2"/>
      </class>
      <line num="12" type="method" name="__construct" visibility="public" complexity="1" crap="1" count="8"/>
      <line num="18" type="stmt" count="8"/>
      <metrics loc="20" ncloc="17" classes="1" methods="1" coveredmethods="1" conditionals="0" coveredconditionals="0" statements="1" coveredstatements="1" elements="2" coveredelements="2"/>
    </file>
    <file name="/srv/src/DTO/AlbumReport/Statistic.php">
      <class name="App\DTO\AlbumReport\Statistic" namespace="global">
        <metrics complexity="2" methods="2" coveredmethods="2" conditionals="0" coveredconditionals="0" statements="2" coveredstatements="2" elements="4" coveredelements="4"/>
      </class>
      <line num="9" type="method" name="__construct" visibility="public" complexity="1" crap="1" count="9"/>
      <line num="15" type="stmt" count="9"/>
      <line num="17" type="method" name="increment" visibility="public" complexity="1" crap="1" count="1"/>
      <line num="19" type="stmt" count="1"/>
      <metrics loc="22" ncloc="22" classes="1" methods="2" coveredmethods="2" conditionals="0" coveredconditionals="0" statements="2" coveredstatements="2" elements="4" coveredelements="4"/>
    </file>
    <file name="/srv/src/DTO/DataChangeReport/Report.php">
      <class name="App\DTO\DataChangeReport\Report" namespace="global">
        <metrics complexity="2" methods="2" coveredmethods="2" conditionals="0" coveredconditionals="0" statements="2" coveredstatements="2" elements="4" coveredelements="4"/>
      </class>
      <line num="12" type="method" name="__construct" visibility="public" complexity="1" crap="1" count="26"/>
      <line num="15" type="stmt" count="26"/>
      <line num="17" type="method" name="merge" visibility="public" complexity="1" crap="1" count="7"/>
      <line num="19" type="stmt" count="7"/>
      <metrics loc="22" ncloc="19" classes="1" methods="2" coveredmethods="2" conditionals="0" coveredconditionals="0" statements="2" coveredstatements="2" elements="4" coveredelements="4"/>
    </file>
    <file name="/srv/src/DTO/DataChangeReport/Statistic.php">
      <class name="App\DTO\DataChangeReport\Statistic" namespace="global">
        <metrics complexity="3" methods="3" coveredmethods="3" conditionals="0" coveredconditionals="0" statements="3" coveredstatements="3" elements="6" coveredelements="6"/>
      </class>
      <line num="9" type="method" name="__construct" visibility="public" complexity="1" crap="1" count="91"/>
      <line num="13" type="stmt" count="91"/>
      <line num="15" type="method" name="increment" visibility="public" complexity="1" crap="1" count="34"/>
      <line num="17" type="stmt" count="34"/>
      <line num="20" type="method" name="incrementBy" visibility="public" complexity="1" crap="1" count="11"/>
      <line num="22" type="stmt" count="11"/>
      <metrics loc="25" ncloc="25" classes="1" methods="3" coveredmethods="3" conditionals="0" coveredconditionals="0" statements="3" coveredstatements="3" elements="6" coveredelements="6"/>
    </file>
    <file name="/srv/src/DTO/GameBundlesAvailabilities.php">
      <class name="App\DTO\GameBundlesAvailabilities" namespace="global">
        <metrics complexity="4" methods="4" coveredmethods="4" conditionals="0" coveredconditionals="0" statements="4" coveredstatements="4" elements="8" coveredelements="8"/>
      </class>
      <line num="12" type="method" name="__construct" visibility="public" complexity="1" crap="1" count="7"/>
      <line num="14" type="stmt" count="7"/>
      <line num="16" type="method" name="__get" visibility="public" complexity="1" crap="1" count="5"/>
      <line num="18" type="stmt" count="5"/>
      <line num="21" type="method" name="__isset" visibility="public" complexity="1" crap="1" count="1"/>
      <line num="23" type="stmt" count="1"/>
      <line num="26" type="method" name="__set" visibility="public" complexity="1" crap="1" count="1"/>
      <line num="28" type="stmt" count="1"/>
      <metrics loc="31" ncloc="28" classes="1" methods="4" coveredmethods="4" conditionals="0" coveredconditionals="0" statements="4" coveredstatements="4" elements="8" coveredelements="8"/>
    </file>
    <file name="/srv/src/DTO/TrainerDexAttributes.php">
      <class name="App\DTO\TrainerDexAttributes" namespace="global">
        <metrics complexity="2" methods="2" coveredmethods="2" conditionals="0" coveredconditionals="0" statements="9" coveredstatements="9" elements="11" coveredelements="11"/>
      </class>
      <line num="17" type="method" name="__construct" visibility="public" complexity="1" crap="1" count="9"/>
      <line num="19" type="stmt" count="9"/>
      <line num="20" type="stmt" count="9"/>
      <line num="22" type="stmt" count="9"/>
      <line num="24" type="stmt" count="6"/>
      <line num="25" type="stmt" count="6"/>
      <line num="28" type="method" name="configureOptions" visibility="private" complexity="1" crap="1" count="9"/>
      <line num="30" type="stmt" count="9"/>
      <line num="31" type="stmt" count="9"/>
      <line num="33" type="stmt" count="9"/>
      <line num="34" type="stmt" count="9"/>
      <metrics loc="37" ncloc="34" classes="1" methods="2" coveredmethods="2" conditionals="0" coveredconditionals="0" statements="9" coveredstatements="9" elements="11" coveredelements="11"/>
    </file>
    <file name="/srv/src/Entity/CatchState.php">
      <class name="App\Entity\CatchState" namespace="global">
        <metrics complexity="0" methods="0" coveredmethods="0" conditionals="0" coveredconditionals="0" statements="0" coveredstatements="0" elements="0" coveredelements="0"/>
      </class>
      <metrics loc="34" ncloc="34" classes="0" methods="0" coveredmethods="0" conditionals="0" coveredconditionals="0" statements="0" coveredstatements="0" elements="0" coveredelements="0"/>
    </file>
    <file name="/srv/src/Entity/CategoryForm.php">
      <class name="App\Entity\CategoryForm" namespace="global">
        <metrics complexity="0" methods="0" coveredmethods="0" conditionals="0" coveredconditionals="0" statements="0" coveredstatements="0" elements="0" coveredelements="0"/>
      </class>
      <metrics loc="25" ncloc="25" classes="0" methods="0" coveredmethods="0" conditionals="0" coveredconditionals="0" statements="0" coveredstatements="0" elements="0" coveredelements="0"/>
    </file>
    <file name="/srv/src/Entity/Dex.php">
      <class name="App\Entity\Dex" namespace="global">
        <metrics complexity="0" methods="0" coveredmethods="0" conditionals="0" coveredconditionals="0" statements="0" coveredstatements="0" elements="0" coveredelements="0"/>
      </class>
      <metrics loc="79" ncloc="79" classes="0" methods="0" coveredmethods="0" conditionals="0" coveredconditionals="0" statements="0" coveredstatements="0" elements="0" coveredelements="0"/>
    </file>
    <file name="/srv/src/Entity/DexAvailability.php">
      <class name="App\Entity\DexAvailability" namespace="global">
        <metrics complexity="1" methods="1" coveredmethods="1" conditionals="0" coveredconditionals="0" statements="4" coveredstatements="4" elements="5" coveredelements="5"/>
      </class>
      <line num="26" type="method" name="create" visibility="public" complexity="1" crap="1" count="3"/>
      <line num="30" type="stmt" count="3"/>
      <line num="32" type="stmt" count="3"/>
      <line num="33" type="stmt" count="3"/>
      <line num="35" type="stmt" count="3"/>
      <metrics loc="38" ncloc="38" classes="1" methods="1" coveredmethods="1" conditionals="0" coveredconditionals="0" statements="4" coveredstatements="4" elements="5" coveredelements="5"/>
    </file>
    <file name="/srv/src/Entity/Game.php">
      <class name="App\Entity\Game" namespace="global">
        <metrics complexity="0" methods="0" coveredmethods="0" conditionals="0" coveredconditionals="0" statements="0" coveredstatements="0" elements="0" coveredelements="0"/>
      </class>
      <metrics loc="31" ncloc="31" classes="0" methods="0" coveredmethods="0" conditionals="0" coveredconditionals="0" statements="0" coveredstatements="0" elements="0" coveredelements="0"/>
    </file>
    <file name="/srv/src/Entity/GameAvailability.php">
      <class name="App\Entity\GameAvailability" namespace="global">
        <metrics complexity="0" methods="0" coveredmethods="0" conditionals="0" coveredconditionals="0" statements="0" coveredstatements="0" elements="0" coveredelements="0"/>
      </class>
      <metrics loc="30" ncloc="30" classes="0" methods="0" coveredmethods="0" conditionals="0" coveredconditionals="0" statements="0" coveredstatements="0" elements="0" coveredelements="0"/>
    </file>
    <file name="/srv/src/Entity/GameBundle.php">
      <class name="App\Entity\GameBundle" namespace="global">
        <metrics complexity="0" methods="0" coveredmethods="0" conditionals="0" coveredconditionals="0" statements="0" coveredstatements="0" elements="0" coveredelements="0"/>
      </class>
      <metrics loc="30" ncloc="30" classes="0" methods="0" coveredmethods="0" conditionals="0" coveredconditionals="0" statements="0" coveredstatements="0" elements="0" coveredelements="0"/>
    </file>
    <file name="/srv/src/Entity/GameBundleAvailability.php">
      <class name="App\Entity\GameBundleAvailability" namespace="global">
        <metrics complexity="1" methods="1" coveredmethods="1" conditionals="0" coveredconditionals="0" statements="5" coveredstatements="5" elements="6" coveredelements="6"/>
      </class>
      <line num="33" type="method" name="create" visibility="public" complexity="1" crap="1" count="2"/>
      <line num="38" type="stmt" count="2"/>
      <line num="40" type="stmt" count="2"/>
      <line num="41" type="stmt" count="2"/>
      <line num="42" type="stmt" count="2"/>
      <line num="44" type="stmt" count="2"/>
      <metrics loc="47" ncloc="47" classes="1" methods="1" coveredmethods="1" conditionals="0" coveredconditionals="0" statements="5" coveredstatements="5" elements="6" coveredelements="6"/>
    </file>
    <file name="/srv/src/Entity/GameGeneration.php">
      <class name="App\Entity\GameGeneration" namespace="global">
        <metrics complexity="1" methods="1" coveredmethods="1" conditionals="0" coveredconditionals="0" statements="1" coveredstatements="1" elements="2" coveredelements="2"/>
      </class>
      <line num="23" type="method" name="getNumber" visibility="public" complexity="1" crap="1" count="1"/>
      <line num="25" type="stmt" count="1"/>
      <metrics loc="28" ncloc="28" classes="1" methods="1" coveredmethods="1" conditionals="0" coveredconditionals="0" statements="1" coveredstatements="1" elements="2" coveredelements="2"/>
    </file>
    <file name="/srv/src/Entity/Pokedex.php">
      <class name="App\Entity\Pokedex" namespace="global">
        <metrics complexity="0" methods="0" coveredmethods="0" conditionals="0" coveredconditionals="0" statements="0" coveredstatements="0" elements="0" coveredelements="0"/>
      </class>
      <metrics loc="29" ncloc="29" classes="0" methods="0" coveredmethods="0" conditionals="0" coveredconditionals="0" statements="0" coveredstatements="0" elements="0" coveredelements="0"/>
    </file>
    <file name="/srv/src/Entity/Pokemon.php">
      <class name="App\Entity\Pokemon" namespace="global">
        <metrics complexity="0" methods="0" coveredmethods="0" conditionals="0" coveredconditionals="0" statements="0" coveredstatements="0" elements="0" coveredelements="0"/>
      </class>
      <metrics loc="111" ncloc="108" classes="0" methods="0" coveredmethods="0" conditionals="0" coveredconditionals="0" statements="0" coveredstatements="0" elements="0" coveredelements="0"/>
    </file>
    <file name="/srv/src/Entity/Region.php">
      <class name="App\Entity\Region" namespace="global">
        <metrics complexity="0" methods="0" coveredmethods="0" conditionals="0" coveredconditionals="0" statements="0" coveredstatements="0" elements="0" coveredelements="0"/>
      </class>
      <metrics loc="27" ncloc="27" classes="0" methods="0" coveredmethods="0" conditionals="0" coveredconditionals="0" statements="0" coveredstatements="0" elements="0" coveredelements="0"/>
    </file>
    <file name="/srv/src/Entity/RegionalDexNumber.php">
      <class name="App\Entity\RegionalDexNumber" namespace="global">
        <metrics complexity="0" methods="0" coveredmethods="0" conditionals="0" coveredconditionals="0" statements="0" coveredstatements="0" elements="0" coveredelements="0"/>
      </class>
      <metrics loc="24" ncloc="24" classes="0" methods="0" coveredmethods="0" conditionals="0" coveredconditionals="0" statements="0" coveredstatements="0" elements="0" coveredelements="0"/>
    </file>
    <file name="/srv/src/Entity/RegionalForm.php">
      <class name="App\Entity\RegionalForm" namespace="global">
        <metrics complexity="0" methods="0" coveredmethods="0" conditionals="0" coveredconditionals="0" statements="0" coveredstatements="0" elements="0" coveredelements="0"/>
      </class>
      <metrics loc="25" ncloc="25" classes="0" methods="0" coveredmethods="0" conditionals="0" coveredconditionals="0" statements="0" coveredstatements="0" elements="0" coveredelements="0"/>
    </file>
    <file name="/srv/src/Entity/SpecialForm.php">
      <class name="App\Entity\SpecialForm" namespace="global">
        <metrics complexity="0" methods="0" coveredmethods="0" conditionals="0" coveredconditionals="0" statements="0" coveredstatements="0" elements="0" coveredelements="0"/>
      </class>
      <metrics loc="25" ncloc="25" classes="0" methods="0" coveredmethods="0" conditionals="0" coveredconditionals="0" statements="0" coveredstatements="0" elements="0" coveredelements="0"/>
    </file>
    <file name="/srv/src/Entity/TrainerDex.php">
      <class name="App\Entity\TrainerDex" namespace="global">
        <metrics complexity="0" methods="0" coveredmethods="0" conditionals="0" coveredconditionals="0" statements="0" coveredstatements="0" elements="0" coveredelements="0"/>
      </class>
      <metrics loc="29" ncloc="29" classes="0" methods="0" coveredmethods="0" conditionals="0" coveredconditionals="0" statements="0" coveredstatements="0" elements="0" coveredelements="0"/>
    </file>
    <file name="/srv/src/Entity/Traits/BaseEntityTrait.php">
      <class name="App\Entity\Traits\BaseEntityTrait" namespace="global">
        <metrics complexity="1" methods="1" coveredmethods="1" conditionals="0" coveredconditionals="0" statements="1" coveredstatements="1" elements="2" coveredelements="2"/>
      </class>
      <line num="16" type="method" name="getIdentifier" visibility="public" complexity="1" crap="1" count="1"/>
      <line num="18" type="stmt" count="1"/>
      <metrics loc="21" ncloc="21" classes="1" methods="1" coveredmethods="1" conditionals="0" coveredconditionals="0" statements="1" coveredstatements="1" elements="2" coveredelements="2"/>
    </file>
    <file name="/srv/src/Entity/Traits/FrenchNamedTrait.php">
      <class name="App\Entity\Traits\FrenchNamedTrait" namespace="global">
        <metrics complexity="0" methods="0" coveredmethods="0" conditionals="0" coveredconditionals="0" statements="0" coveredstatements="0" elements="0" coveredelements="0"/>
      </class>
      <metrics loc="20" ncloc="20" classes="0" methods="0" coveredmethods="0" conditionals="0" coveredconditionals="0" statements="0" coveredstatements="0" elements="0" coveredelements="0"/>
    </file>
    <file name="/srv/src/Entity/Traits/NamedTrait.php">
      <class name="App\Entity\Traits\NamedTrait" namespace="global">
        <metrics complexity="1" methods="1" coveredmethods="1" conditionals="0" coveredconditionals="0" statements="1" coveredstatements="1" elements="2" coveredelements="2"/>
      </class>
      <line num="29" type="method" name="__toString" visibility="public" complexity="1" crap="1" count="1"/>
      <line num="31" type="stmt" count="1"/>
      <metrics loc="34" ncloc="34" classes="1" methods="1" coveredmethods="1" conditionals="0" coveredconditionals="0" statements="1" coveredstatements="1" elements="2" coveredelements="2"/>
    </file>
    <file name="/srv/src/Entity/Traits/OrderedTrait.php">
      <class name="App\Entity\Traits\OrderedTrait" namespace="global">
        <metrics complexity="0" methods="0" coveredmethods="0" conditionals="0" coveredconditionals="0" statements="0" coveredstatements="0" elements="0" coveredelements="0"/>
      </class>
      <metrics loc="16" ncloc="16" classes="0" methods="0" coveredmethods="0" conditionals="0" coveredconditionals="0" statements="0" coveredstatements="0" elements="0" coveredelements="0"/>
    </file>
    <file name="/srv/src/Entity/Traits/SlugifiedTrait.php">
      <class name="App\Entity\Traits\SlugifiedTrait" namespace="global">
        <metrics complexity="0" methods="0" coveredmethods="0" conditionals="0" coveredconditionals="0" statements="0" coveredstatements="0" elements="0" coveredelements="0"/>
      </class>
      <metrics loc="20" ncloc="20" classes="0" methods="0" coveredmethods="0" conditionals="0" coveredconditionals="0" statements="0" coveredstatements="0" elements="0" coveredelements="0"/>
    </file>
    <file name="/srv/src/Entity/VariantForm.php">
      <class name="App\Entity\VariantForm" namespace="global">
        <metrics complexity="0" methods="0" coveredmethods="0" conditionals="0" coveredconditionals="0" statements="0" coveredstatements="0" elements="0" coveredelements="0"/>
      </class>
      <metrics loc="25" ncloc="25" classes="0" methods="0" coveredmethods="0" conditionals="0" coveredconditionals="0" statements="0" coveredstatements="0" elements="0" coveredelements="0"/>
    </file>
    <file name="/srv/src/Exception/InvalidFileDataException.php">
      <class name="App\Exception\InvalidFileDataException" namespace="global">
        <metrics complexity="0" methods="0" coveredmethods="0" conditionals="0" coveredconditionals="0" statements="0" coveredstatements="0" elements="0" coveredelements="0"/>
      </class>
      <metrics loc="10" ncloc="10" classes="0" methods="0" coveredmethods="0" conditionals="0" coveredconditionals="0" statements="0" coveredstatements="0" elements="0" coveredelements="0"/>
    </file>
    <file name="/srv/src/Exception/InvalidFilePathDataException.php">
      <class name="App\Exception\InvalidFilePathDataException" namespace="global">
        <metrics complexity="0" methods="0" coveredmethods="0" conditionals="0" coveredconditionals="0" statements="0" coveredstatements="0" elements="0" coveredelements="0"/>
      </class>
      <metrics loc="10" ncloc="10" classes="0" methods="0" coveredmethods="0" conditionals="0" coveredconditionals="0" statements="0" coveredstatements="0" elements="0" coveredelements="0"/>
    </file>
    <file name="/srv/src/Exception/InvalidSheetDataException.php">
      <class name="App\Exception\InvalidSheetDataException" namespace="global">
        <metrics complexity="0" methods="0" coveredmethods="0" conditionals="0" coveredconditionals="0" statements="0" coveredstatements="0" elements="0" coveredelements="0"/>
      </class>
      <metrics loc="10" ncloc="10" classes="0" methods="0" coveredmethods="0" conditionals="0" coveredconditionals="0" statements="0" coveredstatements="0" elements="0" coveredelements="0"/>
    </file>
    <file name="/srv/src/Exception/NoDataPokemonException.php">
      <class name="App\Exception\NoDataPokemonException" namespace="global">
        <metrics complexity="0" methods="0" coveredmethods="0" conditionals="0" coveredconditionals="0" statements="0" coveredstatements="0" elements="0" coveredelements="0"/>
      </class>
      <metrics loc="10" ncloc="10" classes="0" methods="0" coveredmethods="0" conditionals="0" coveredconditionals="0" statements="0" coveredstatements="0" elements="0" coveredelements="0"/>
    </file>
    <file name="/srv/src/Helper/A1Notation.php">
      <class name="App\Helper\A1Notation" namespace="global">
        <metrics complexity="3" methods="2" coveredmethods="2" conditionals="0" coveredconditionals="0" statements="7" coveredstatements="7" elements="9" coveredelements="9"/>
      </class>
      <line num="11" type="method" name="fromIndex" visibility="public" complexity="1" crap="1" count="15"/>
      <line num="13" type="stmt" count="15"/>
      <line num="15" type="stmt" count="15"/>
      <line num="17" type="stmt" count="15"/>
      <line num="23" type="method" name="indexToLetter" visibility="public" complexity="2" crap="2" count="19"/>
      <line num="25" type="stmt" count="19"/>
      <line num="26" type="stmt" count="19"/>
      <line num="29" type="stmt" count="9"/>
      <line num="30" type="stmt" count="9"/>
      <metrics loc="33" ncloc="30" classes="1" methods="2" coveredmethods="2" conditionals="0" coveredconditionals="0" statements="7" coveredstatements="7" elements="9" coveredelements="9"/>
    </file>
    <file name="/srv/src/Kernel.php">
      <class name="App\Kernel" namespace="global">
        <metrics complexity="0" methods="0" coveredmethods="0" conditionals="0" coveredconditionals="0" statements="0" coveredstatements="0" elements="0" coveredelements="0"/>
      </class>
      <metrics loc="14" ncloc="14" classes="0" methods="0" coveredmethods="0" conditionals="0" coveredconditionals="0" statements="0" coveredstatements="0" elements="0" coveredelements="0"/>
    </file>
    <file name="/srv/src/Repository/CatchStatesRepository.php">
      <class name="App\Repository\CatchStatesRepository" namespace="global">
        <metrics complexity="2" methods="2" coveredmethods="2" conditionals="0" coveredconditionals="0" statements="4" coveredstatements="4" elements="6" coveredelements="6"/>
      </class>
      <line num="16" type="method" name="__construct" visibility="public" complexity="1" crap="1" count="3"/>
      <line num="18" type="stmt" count="3"/>
      <line num="24" type="method" name="getAll" visibility="public" complexity="1" crap="1" count="3"/>
      <line num="26" type="stmt" count="3"/>
      <line num="34" type="stmt" count="3"/>
      <line num="37" type="stmt" count="3"/>
      <metrics loc="40" ncloc="33" classes="1" methods="2" coveredmethods="2" conditionals="0" coveredconditionals="0" statements="4" coveredstatements="4" elements="6" coveredelements="6"/>
    </file>
    <file name="/srv/src/Repository/DexAvailabilitiesRepository.php">
      <class name="App\Repository\DexAvailabilitiesRepository" namespace="global">
        <metrics complexity="3" methods="3" coveredmethods="3" conditionals="0" coveredconditionals="0" statements="11" coveredstatements="11" elements="14" coveredelements="14"/>
      </class>
      <line num="16" type="method" name="__construct" visibility="public" complexity="1" crap="1" count="16"/>
      <line num="18" type="stmt" count="16"/>
      <line num="21" type="method" name="removeAll" visibility="public" complexity="1" crap="1" count="4"/>
      <line num="23" type="stmt" count="4"/>
      <line num="24" type="stmt" count="4"/>
      <line num="25" type="stmt" count="4"/>
      <line num="27" type="stmt" count="4"/>
      <line num="30" type="method" name="getTotal" visibility="public" complexity="1" crap="1" count="8"/>
      <line num="32" type="stmt" count="8"/>
      <line num="33" type="stmt" count="8"/>
      <line num="34" type="stmt" count="8"/>
      <line num="35" type="stmt" count="8"/>
      <line num="36" type="stmt" count="8"/>
      <line num="39" type="stmt" count="8"/>
      <metrics loc="42" ncloc="38" classes="1" methods="3" coveredmethods="3" conditionals="0" coveredconditionals="0" statements="11" coveredstatements="11" elements="14" coveredelements="14"/>
    </file>
    <file name="/srv/src/Repository/DexRepository.php">
      <class name="App\Repository\DexRepository" namespace="global">
        <metrics complexity="4" methods="4" coveredmethods="4" conditionals="0" coveredconditionals="0" statements="17" coveredstatements="17" elements="21" coveredelements="21"/>
      </class>
      <line num="17" type="method" name="__construct" visibility="public" complexity="1" crap="1" count="13"/>
      <line num="19" type="stmt" count="13"/>
      <line num="22" type="method" name="getQueryAll" visibility="public" complexity="1" crap="1" count="4"/>
      <line num="24" type="stmt" count="4"/>
      <line num="26" type="stmt" count="4"/>
      <line num="28" type="stmt" count="4"/>
      <line num="31" type="method" name="countAll" visibility="public" complexity="1" crap="1" count="1"/>
      <line num="33" type="stmt" count="1"/>
      <line num="35" type="stmt" count="1"/>
      <line num="38" type="stmt" count="1"/>
      <line num="44" type="method" name="getData" visibility="public" complexity="1" crap="1" count="8"/>
      <line num="46" type="stmt" count="8"/>
      <line num="66" type="stmt" count="8"/>
      <line num="68" type="stmt" count="8"/>
      <line num="69" type="stmt" count="8"/>
      <line num="70" type="stmt" count="8"/>
      <line num="71" type="stmt" count="8"/>
      <line num="72" type="stmt" count="8"/>
      <line num="73" type="stmt" count="8"/>
      <line num="74" type="stmt" count="8"/>
      <line num="77" type="stmt" count="8"/>
      <metrics loc="80" ncloc="72" classes="1" methods="4" coveredmethods="4" conditionals="0" coveredconditionals="0" statements="17" coveredstatements="17" elements="21" coveredelements="21"/>
    </file>
    <file name="/srv/src/Repository/GameBundlesAvailabilitiesRepository.php">
      <class name="App\Repository\GameBundlesAvailabilitiesRepository" namespace="global">
        <metrics complexity="5" methods="4" coveredmethods="4" conditionals="0" coveredconditionals="0" statements="22" coveredstatements="22" elements="26" coveredelements="26"/>
      </class>
      <line num="18" type="method" name="__construct" visibility="public" complexity="1" crap="1" count="10"/>
      <line num="20" type="stmt" count="10"/>
      <line num="23" type="method" name="removeAll" visibility="public" complexity="1" crap="1" count="5"/>
      <line num="25" type="stmt" count="5"/>
      <line num="26" type="stmt" count="5"/>
      <line num="27" type="stmt" count="5"/>
      <line num="29" type="stmt" count="5"/>
      <line num="32" type="method" name="calculate" visibility="public" complexity="1" crap="1" count="4"/>
      <line num="34" type="stmt" count="4"/>
      <line num="53" type="stmt" count="4"/>
      <line num="55" type="stmt" count="4"/>
      <line num="57" type="stmt" count="4"/>
      <line num="65" type="method" name="getFromPokemon" visibility="public" complexity="2" crap="2" count="3"/>
      <line num="67" type="stmt" count="3"/>
      <line num="69" type="stmt" count="3"/>
      <line num="70" type="stmt" count="3"/>
      <line num="72" type="stmt" count="3"/>
      <line num="74" type="stmt" count="3"/>
      <line num="75" type="stmt" count="3"/>
      <line num="77" type="stmt" count="3"/>
      <line num="80" type="stmt" count="3"/>
      <line num="82" type="stmt" count="3"/>
      <line num="83" type="stmt" count="3"/>
      <line num="85" type="stmt" count="3"/>
      <line num="87" type="stmt" count="3"/>
      <line num="90" type="stmt" count="3"/>
      <metrics loc="93" ncloc="83" classes="1" methods="4" coveredmethods="4" conditionals="0" coveredconditionals="0" statements="22" coveredstatements="22" elements="26" coveredelements="26"/>
    </file>
    <file name="/srv/src/Repository/GameBundlesRepository.php">
      <class name="App\Repository\GameBundlesRepository" namespace="global">
        <metrics complexity="2" methods="2" coveredmethods="2" conditionals="0" coveredconditionals="0" statements="4" coveredstatements="4" elements="6" coveredelements="6"/>
      </class>
      <line num="16" type="method" name="__construct" visibility="public" complexity="1" crap="1" count="4"/>
      <line num="18" type="stmt" count="4"/>
      <line num="24" type="method" name="getAll" visibility="public" complexity="1" crap="1" count="1"/>
      <line num="26" type="stmt" count="1"/>
      <line num="27" type="stmt" count="1"/>
      <line num="30" type="stmt" count="1"/>
      <metrics loc="33" ncloc="26" classes="1" methods="2" coveredmethods="2" conditionals="0" coveredconditionals="0" statements="4" coveredstatements="4" elements="6" coveredelements="6"/>
    </file>
    <file name="/srv/src/Repository/GamesAvailabilitiesRepository.php">
      <class name="App\Repository\GamesAvailabilitiesRepository" namespace="global">
        <metrics complexity="2" methods="2" coveredmethods="2" conditionals="0" coveredconditionals="0" statements="5" coveredstatements="5" elements="7" coveredelements="7"/>
      </class>
      <line num="16" type="method" name="__construct" visibility="public" complexity="1" crap="1" count="2"/>
      <line num="18" type="stmt" count="2"/>
      <line num="21" type="method" name="removeAll" visibility="public" complexity="1" crap="1" count="2"/>
      <line num="23" type="stmt" count="2"/>
      <line num="24" type="stmt" count="2"/>
      <line num="25" type="stmt" count="2"/>
      <line num="27" type="stmt" count="2"/>
      <metrics loc="30" ncloc="27" classes="1" methods="2" coveredmethods="2" conditionals="0" coveredconditionals="0" statements="5" coveredstatements="5" elements="7" coveredelements="7"/>
    </file>
    <file name="/srv/src/Repository/GamesRepository.php">
      <class name="App\Repository\GamesRepository" namespace="global">
        <metrics complexity="2" methods="2" coveredmethods="2" conditionals="0" coveredconditionals="0" statements="5" coveredstatements="5" elements="7" coveredelements="7"/>
      </class>
      <line num="16" type="method" name="__construct" visibility="public" complexity="1" crap="1" count="6"/>
      <line num="18" type="stmt" count="6"/>
      <line num="24" type="method" name="getAllSlugs" visibility="public" complexity="1" crap="1" count="6"/>
      <line num="26" type="stmt" count="6"/>
      <line num="27" type="stmt" count="6"/>
      <line num="28" type="stmt" count="6"/>
      <line num="31" type="stmt" count="6"/>
      <metrics loc="34" ncloc="27" classes="1" methods="2" coveredmethods="2" conditionals="0" coveredconditionals="0" statements="5" coveredstatements="5" elements="7" coveredelements="7"/>
    </file>
    <file name="/srv/src/Repository/PokedexRepository.php">
      <class name="App\Repository\PokedexRepository" namespace="global">
        <metrics complexity="8" methods="8" coveredmethods="8" conditionals="0" coveredconditionals="0" statements="41" coveredstatements="41" elements="49" coveredelements="49"/>
      </class>
      <line num="17" type="method" name="__construct" visibility="public" complexity="1" crap="1" count="16"/>
      <line num="19" type="stmt" count="16"/>
      <line num="25" type="method" name="getListQuery" visibility="public" complexity="1" crap="1" count="8"/>
      <line num="27" type="stmt" count="8"/>
      <line num="81" type="stmt" count="8"/>
      <line num="83" type="stmt" count="8"/>
      <line num="84" type="stmt" count="8"/>
      <line num="85" type="stmt" count="8"/>
      <line num="86" type="stmt" count="8"/>
      <line num="87" type="stmt" count="8"/>
      <line num="88" type="stmt" count="8"/>
      <line num="89" type="stmt" count="8"/>
      <line num="95" type="method" name="getCatchStatesCounts" visibility="public" complexity="1" crap="1" count="8"/>
      <line num="97" type="stmt" count="8"/>
      <line num="116" type="stmt" count="8"/>
      <line num="119" type="stmt" count="8"/>
      <line num="120" type="stmt" count="8"/>
      <line num="121" type="stmt" count="8"/>
      <line num="122" type="stmt" count="8"/>
      <line num="123" type="stmt" count="8"/>
      <line num="124" type="stmt" count="8"/>
      <line num="125" type="stmt" count="8"/>
      <line num="128" type="method" name="upsert" visibility="public" complexity="1" crap="1" count="4"/>
      <line num="134" type="stmt" count="4"/>
      <line num="154" type="stmt" count="4"/>
      <line num="156" type="stmt" count="4"/>
      <line num="157" type="stmt" count="4"/>
      <line num="158" type="stmt" count="4"/>
      <line num="159" type="stmt" count="4"/>
      <line num="160" type="stmt" count="4"/>
      <line num="161" type="stmt" count="4"/>
      <line num="162" type="stmt" count="4"/>
      <line num="163" type="stmt" count="4"/>
      <line num="164" type="stmt" count="4"/>
      <line num="165" type="stmt" count="4"/>
      <line num="170" type="method" name="getCatchStateCountsDefinedByTrainer" visibility="public" complexity="1" crap="1" count="1"/>
      <line num="172" type="stmt" count="1"/>
      <line num="178" type="stmt" count="1"/>
      <line num="180" type="stmt" count="1"/>
      <line num="186" type="method" name="getDexUsage" visibility="public" complexity="1" crap="1" count="1"/>
      <line num="188" type="stmt" count="1"/>
      <line num="197" type="stmt" count="1"/>
      <line num="199" type="stmt" count="1"/>
      <line num="205" type="method" name="getCatchStateUsage" visibility="public" complexity="1" crap="1" count="1"/>
      <line num="207" type="stmt" count="1"/>
      <line num="215" type="stmt" count="1"/>
      <line num="217" type="stmt" count="1"/>
      <line num="223" type="method" name="getReportsResult" visibility="private" complexity="1" crap="1" count="1"/>
      <line num="226" type="stmt" count="1"/>
      <metrics loc="229" ncloc="206" classes="1" methods="8" coveredmethods="8" conditionals="0" coveredconditionals="0" statements="41" coveredstatements="41" elements="49" coveredelements="49"/>
    </file>
    <file name="/srv/src/Repository/PokemonsRepository.php">
      <class name="App\Repository\PokemonsRepository" namespace="global">
        <metrics complexity="4" methods="4" coveredmethods="4" conditionals="0" coveredconditionals="0" statements="13" coveredstatements="13" elements="17" coveredelements="17"/>
      </class>
      <line num="17" type="method" name="__construct" visibility="public" complexity="1" crap="1" count="10"/>
      <line num="19" type="stmt" count="10"/>
      <line num="22" type="method" name="removeAll" visibility="public" complexity="1" crap="1" count="2"/>
      <line num="24" type="stmt" count="2"/>
      <line num="25" type="stmt" count="2"/>
      <line num="26" type="stmt" count="2"/>
      <line num="27" type="stmt" count="2"/>
      <line num="28" type="stmt" count="2"/>
      <line num="30" type="stmt" count="2"/>
      <line num="33" type="method" name="getQueryAll" visibility="public" complexity="1" crap="1" count="4"/>
      <line num="35" type="stmt" count="4"/>
      <line num="37" type="stmt" count="4"/>
      <line num="39" type="stmt" count="4"/>
      <line num="42" type="method" name="countAll" visibility="public" complexity="1" crap="1" count="1"/>
      <line num="44" type="stmt" count="1"/>
      <line num="46" type="stmt" count="1"/>
      <line num="49" type="stmt" count="1"/>
      <metrics loc="52" ncloc="48" classes="1" methods="4" coveredmethods="4" conditionals="0" coveredconditionals="0" statements="13" coveredstatements="13" elements="17" coveredelements="17"/>
    </file>
    <file name="/srv/src/Repository/RegionsRepository.php">
      <class name="App\Repository\RegionsRepository" namespace="global">
        <metrics complexity="2" methods="2" coveredmethods="2" conditionals="0" coveredconditionals="0" statements="5" coveredstatements="5" elements="7" coveredelements="7"/>
      </class>
      <line num="16" type="method" name="__construct" visibility="public" complexity="1" crap="1" count="6"/>
      <line num="18" type="stmt" count="6"/>
      <line num="24" type="method" name="getAllSlugs" visibility="public" complexity="1" crap="1" count="6"/>
      <line num="26" type="stmt" count="6"/>
      <line num="27" type="stmt" count="6"/>
      <line num="28" type="stmt" count="6"/>
      <line num="31" type="stmt" count="6"/>
      <metrics loc="34" ncloc="27" classes="1" methods="2" coveredmethods="2" conditionals="0" coveredconditionals="0" statements="5" coveredstatements="5" elements="7" coveredelements="7"/>
    </file>
    <file name="/srv/src/Repository/TrainerDexRepository.php">
      <class name="App\Repository\TrainerDexRepository" namespace="global">
        <metrics complexity="3" methods="3" coveredmethods="3" conditionals="0" coveredconditionals="0" statements="21" coveredstatements="21" elements="24" coveredelements="24"/>
      </class>
      <line num="18" type="method" name="__construct" visibility="public" complexity="1" crap="1" count="8"/>
      <line num="20" type="stmt" count="8"/>
      <line num="26" type="method" name="getListQuery" visibility="public" complexity="1" crap="1" count="3"/>
      <line num="28" type="stmt" count="3"/>
      <line num="42" type="stmt" count="3"/>
      <line num="44" type="stmt" count="3"/>
      <line num="45" type="stmt" count="3"/>
      <line num="46" type="stmt" count="3"/>
      <line num="47" type="stmt" count="3"/>
      <line num="48" type="stmt" count="3"/>
      <line num="49" type="stmt" count="3"/>
      <line num="52" type="method" name="upsert" visibility="public" complexity="1" crap="1" count="3"/>
      <line num="54" type="stmt" count="3"/>
      <line num="75" type="stmt" count="3"/>
      <line num="77" type="stmt" count="3"/>
      <line num="78" type="stmt" count="3"/>
      <line num="79" type="stmt" count="3"/>
      <line num="80" type="stmt" count="3"/>
      <line num="81" type="stmt" count="3"/>
      <line num="82" type="stmt" count="3"/>
      <line num="83" type="stmt" count="3"/>
      <line num="84" type="stmt" count="3"/>
      <line num="85" type="stmt" count="3"/>
      <line num="86" type="stmt" count="3"/>
      <metrics loc="89" ncloc="83" classes="1" methods="3" coveredmethods="3" conditionals="0" coveredconditionals="0" statements="21" coveredstatements="21" elements="24" coveredelements="24"/>
    </file>
    <file name="/srv/src/Service/CalculatorService/AbstractCalculatorService.php">
      <class name="App\Service\CalculatorService\AbstractCalculatorService" namespace="global">
        <metrics complexity="1" methods="1" coveredmethods="1" conditionals="0" coveredconditionals="0" statements="1" coveredstatements="1" elements="2" coveredelements="2"/>
      </class>
      <line num="13" type="method" name="getReport" visibility="public" complexity="1" crap="1" count="6"/>
      <line num="15" type="stmt" count="6"/>
      <metrics loc="18" ncloc="18" classes="1" methods="1" coveredmethods="1" conditionals="0" coveredconditionals="0" statements="1" coveredstatements="1" elements="2" coveredelements="2"/>
    </file>
    <file name="/srv/src/Service/CalculatorService/CalculatorServiceInterface.php">
      <metrics loc="15" ncloc="15" classes="0" methods="0" coveredmethods="0" conditionals="0" coveredconditionals="0" statements="0" coveredstatements="0" elements="0" coveredelements="0"/>
    </file>
    <file name="/srv/src/Service/CalculatorService/DexAvailabilitiesCalculatorService.php">
      <class name="App\Service\CalculatorService\DexAvailabilitiesCalculatorService" namespace="global">
        <metrics complexity="2" methods="2" coveredmethods="2" conditionals="0" coveredconditionals="0" statements="6" coveredstatements="6" elements="8" coveredelements="8"/>
      </class>
      <line num="13" type="method" name="__construct" visibility="public" complexity="1" crap="1" count="3"/>
      <line num="17" type="stmt" count="3"/>
      <line num="19" type="method" name="execute" visibility="public" complexity="1" crap="1" count="3"/>
      <line num="21" type="stmt" count="3"/>
      <line num="23" type="stmt" count="3"/>
      <line num="25" type="stmt" count="3"/>
      <line num="26" type="stmt" count="3"/>
      <line num="27" type="stmt" count="3"/>
      <metrics loc="30" ncloc="30" classes="1" methods="2" coveredmethods="2" conditionals="0" coveredconditionals="0" statements="6" coveredstatements="6" elements="8" coveredelements="8"/>
    </file>
    <file name="/srv/src/Service/CalculatorService/GameBundlesAvailabilitiesCalculatorService.php">
      <class name="App\Service\CalculatorService\GameBundlesAvailabilitiesCalculatorService" namespace="global">
        <metrics complexity="2" methods="2" coveredmethods="2" conditionals="0" coveredconditionals="0" statements="5" coveredstatements="5" elements="7" coveredelements="7"/>
      </class>
      <line num="12" type="method" name="__construct" visibility="public" complexity="1" crap="1" count="3"/>
      <line num="15" type="stmt" count="3"/>
      <line num="17" type="method" name="execute" visibility="public" complexity="1" crap="1" count="3"/>
      <line num="19" type="stmt" count="3"/>
      <line num="21" type="stmt" count="3"/>
      <line num="22" type="stmt" count="3"/>
      <line num="23" type="stmt" count="3"/>
      <metrics loc="26" ncloc="26" classes="1" methods="2" coveredmethods="2" conditionals="0" coveredconditionals="0" statements="5" coveredstatements="5" elements="7" coveredelements="7"/>
    </file>
    <file name="/srv/src/Service/GameBundlesAvailabilitiesService.php">
      <class name="App\Service\GameBundlesAvailabilitiesService" namespace="global">
        <metrics complexity="2" methods="2" coveredmethods="2" conditionals="0" coveredconditionals="0" statements="4" coveredstatements="4" elements="6" coveredelements="6"/>
      </class>
      <line num="14" type="method" name="__construct" visibility="public" complexity="1" crap="1" count="4"/>
      <line num="18" type="stmt" count="4"/>
      <line num="20" type="method" name="getFromPokemon" visibility="public" complexity="1" crap="1" count="3"/>
      <line num="23" type="stmt" count="3"/>
      <line num="24" type="stmt" count="2"/>
      <line num="25" type="stmt" count="3"/>
      <metrics loc="28" ncloc="27" classes="1" methods="2" coveredmethods="2" conditionals="0" coveredconditionals="0" statements="4" coveredstatements="4" elements="6" coveredelements="6"/>
    </file>
    <file name="/srv/src/Service/SpreadsheetService.php">
      <class name="App\Service\SpreadsheetService" namespace="global">
        <metrics complexity="7" methods="5" coveredmethods="5" conditionals="0" coveredconditionals="0" statements="9" coveredstatements="9" elements="14" coveredelements="14"/>
      </class>
      <line num="18" type="method" name="__construct" visibility="public" complexity="1" crap="1" count="75"/>
      <line num="22" type="stmt" count="75"/>
      <line num="25" type="method" name="get" visibility="public" complexity="1" crap="1" count="72"/>
      <line num="27" type="stmt" count="72"/>
      <line num="30" type="method" name="getSheetRowCount" visibility="public" complexity="1" crap="1" count="7"/>
      <line num="32" type="stmt" count="7"/>
      <line num="35" type="method" name="getSheetColumnCount" visibility="public" complexity="1" crap="1" count="8"/>
      <line num="37" type="stmt" count="8"/>
      <line num="40" type="method" name="getSheetGridProperties" visibility="private" complexity="3" crap="3" count="9"/>
      <line num="42" type="stmt" count="9"/>
      <line num="44" type="stmt" count="9"/>
      <line num="45" type="stmt" count="9"/>
      <line num="46" type="stmt" count="8"/>
      <line num="50" type="stmt" count="1"/>
      <metrics loc="53" ncloc="53" classes="1" methods="5" coveredmethods="5" conditionals="0" coveredconditionals="0" statements="9" coveredstatements="9" elements="14" coveredelements="14"/>
    </file>
    <file name="/srv/src/Service/UpdaterService/AbstractUpdaterService.php">
      <class name="App\Service\UpdaterService\AbstractUpdaterService" namespace="global">
        <metrics complexity="1" methods="1" coveredmethods="1" conditionals="0" coveredconditionals="0" statements="1" coveredstatements="1" elements="2" coveredelements="2"/>
      </class>
      <line num="13" type="method" name="getReport" visibility="public" complexity="1" crap="1" count="10"/>
      <line num="15" type="stmt" count="10"/>
      <metrics loc="18" ncloc="18" classes="1" methods="1" coveredmethods="1" conditionals="0" coveredconditionals="0" statements="1" coveredstatements="1" elements="2" coveredelements="2"/>
    </file>
    <file name="/srv/src/Service/UpdaterService/DexUpdaterService.php">
      <class name="App\Service\UpdaterService\DexUpdaterService" namespace="global">
        <metrics complexity="2" methods="2" coveredmethods="2" conditionals="0" coveredconditionals="0" statements="5" coveredstatements="5" elements="7" coveredelements="7"/>
      </class>
      <line num="12" type="method" name="__construct" visibility="public" complexity="1" crap="1" count="3"/>
      <line num="14" type="stmt" count="3"/>
      <line num="16" type="method" name="execute" visibility="public" complexity="1" crap="1" count="3"/>
      <line num="18" type="stmt" count="3"/>
      <line num="20" type="stmt" count="3"/>
      <line num="21" type="stmt" count="3"/>
      <line num="22" type="stmt" count="3"/>
      <metrics loc="25" ncloc="25" classes="1" methods="2" coveredmethods="2" conditionals="0" coveredconditionals="0" statements="5" coveredstatements="5" elements="7" coveredelements="7"/>
    </file>
    <file name="/srv/src/Service/UpdaterService/FormsUpdaterService.php">
      <class name="App\Service\UpdaterService\FormsUpdaterService" namespace="global">
        <metrics complexity="2" methods="2" coveredmethods="2" conditionals="0" coveredconditionals="0" statements="11" coveredstatements="11" elements="13" coveredelements="13"/>
      </class>
      <line num="15" type="method" name="__construct" visibility="public" complexity="1" crap="1" count="3"/>
      <line num="21" type="stmt" count="3"/>
      <line num="23" type="method" name="execute" visibility="public" complexity="1" crap="1" count="3"/>
      <line num="25" type="stmt" count="3"/>
      <line num="26" type="stmt" count="3"/>
      <line num="27" type="stmt" count="3"/>
      <line num="28" type="stmt" count="3"/>
      <line num="30" type="stmt" count="3"/>
      <line num="31" type="stmt" count="3"/>
      <line num="32" type="stmt" count="3"/>
      <line num="33" type="stmt" count="3"/>
      <line num="34" type="stmt" count="3"/>
      <line num="35" type="stmt" count="3"/>
      <metrics loc="38" ncloc="38" classes="1" methods="2" coveredmethods="2" conditionals="0" coveredconditionals="0" statements="11" coveredstatements="11" elements="13" coveredelements="13"/>
    </file>
    <file name="/srv/src/Service/UpdaterService/GamesAndDexUpdaterService.php">
      <class name="App\Service\UpdaterService\GamesAndDexUpdaterService" namespace="global">
        <metrics complexity="2" methods="2" coveredmethods="2" conditionals="0" coveredconditionals="0" statements="6" coveredstatements="6" elements="8" coveredelements="8"/>
      </class>
      <line num="11" type="method" name="__construct" visibility="public" complexity="1" crap="1" count="3"/>
      <line num="15" type="stmt" count="3"/>
      <line num="17" type="method" name="execute" visibility="public" complexity="1" crap="1" count="3"/>
      <line num="19" type="stmt" count="3"/>
      <line num="20" type="stmt" count="3"/>
      <line num="22" type="stmt" count="3"/>
      <line num="23" type="stmt" count="3"/>
      <line num="24" type="stmt" count="3"/>
      <metrics loc="27" ncloc="27" classes="1" methods="2" coveredmethods="2" conditionals="0" coveredconditionals="0" statements="6" coveredstatements="6" elements="8" coveredelements="8"/>
    </file>
    <file name="/srv/src/Service/UpdaterService/GamesAvailabilitiesUpdaterService.php">
      <class name="App\Service\UpdaterService\GamesAvailabilitiesUpdaterService" namespace="global">
        <metrics complexity="2" methods="2" coveredmethods="2" conditionals="0" coveredconditionals="0" statements="5" coveredstatements="5" elements="7" coveredelements="7"/>
      </class>
      <line num="12" type="method" name="__construct" visibility="public" complexity="1" crap="1" count="3"/>
      <line num="15" type="stmt" count="3"/>
      <line num="17" type="method" name="execute" visibility="public" complexity="1" crap="1" count="3"/>
      <line num="19" type="stmt" count="3"/>
      <line num="21" type="stmt" count="3"/>
      <line num="22" type="stmt" count="3"/>
      <line num="23" type="stmt" count="3"/>
      <metrics loc="26" ncloc="26" classes="1" methods="2" coveredmethods="2" conditionals="0" coveredconditionals="0" statements="5" coveredstatements="5" elements="7" coveredelements="7"/>
    </file>
    <file name="/srv/src/Service/UpdaterService/GamesUpdaterService.php">
      <class name="App\Service\UpdaterService\GamesUpdaterService" namespace="global">
        <metrics complexity="2" methods="2" coveredmethods="2" conditionals="0" coveredconditionals="0" statements="9" coveredstatements="9" elements="11" coveredelements="11"/>
      </class>
      <line num="14" type="method" name="__construct" visibility="public" complexity="1" crap="1" count="3"/>
      <line num="19" type="stmt" count="3"/>
      <line num="21" type="method" name="execute" visibility="public" complexity="1" crap="1" count="3"/>
      <line num="23" type="stmt" count="3"/>
      <line num="24" type="stmt" count="3"/>
      <line num="25" type="stmt" count="3"/>
      <line num="27" type="stmt" count="3"/>
      <line num="28" type="stmt" count="3"/>
      <line num="29" type="stmt" count="3"/>
      <line num="30" type="stmt" count="3"/>
      <line num="31" type="stmt" count="3"/>
      <metrics loc="34" ncloc="34" classes="1" methods="2" coveredmethods="2" conditionals="0" coveredconditionals="0" statements="9" coveredstatements="9" elements="11" coveredelements="11"/>
    </file>
    <file name="/srv/src/Service/UpdaterService/LabelsUpdaterService.php">
      <class name="App\Service\UpdaterService\LabelsUpdaterService" namespace="global">
        <metrics complexity="2" methods="2" coveredmethods="2" conditionals="0" coveredconditionals="0" statements="9" coveredstatements="9" elements="11" coveredelements="11"/>
      </class>
      <line num="13" type="method" name="__construct" visibility="public" complexity="1" crap="1" count="3"/>
      <line num="18" type="stmt" count="3"/>
      <line num="20" type="method" name="execute" visibility="public" complexity="1" crap="1" count="3"/>
      <line num="22" type="stmt" count="3"/>
      <line num="23" type="stmt" count="3"/>
      <line num="24" type="stmt" count="3"/>
      <line num="26" type="stmt" count="3"/>
      <line num="27" type="stmt" count="3"/>
      <line num="28" type="stmt" count="3"/>
      <line num="29" type="stmt" count="3"/>
      <line num="31" type="stmt" count="3"/>
      <metrics loc="34" ncloc="34" classes="1" methods="2" coveredmethods="2" conditionals="0" coveredconditionals="0" statements="9" coveredstatements="9" elements="11" coveredelements="11"/>
    </file>
    <file name="/srv/src/Service/UpdaterService/PokemonsUpdaterService.php">
      <class name="App\Service\UpdaterService\PokemonsUpdaterService" namespace="global">
        <metrics complexity="2" methods="2" coveredmethods="2" conditionals="0" coveredconditionals="0" statements="5" coveredstatements="5" elements="7" coveredelements="7"/>
      </class>
      <line num="12" type="method" name="__construct" visibility="public" complexity="1" crap="1" count="3"/>
      <line num="15" type="stmt" count="3"/>
      <line num="17" type="method" name="execute" visibility="public" complexity="1" crap="1" count="3"/>
      <line num="19" type="stmt" count="3"/>
      <line num="21" type="stmt" count="3"/>
      <line num="22" type="stmt" count="3"/>
      <line num="23" type="stmt" count="3"/>
      <metrics loc="26" ncloc="26" classes="1" methods="2" coveredmethods="2" conditionals="0" coveredconditionals="0" statements="5" coveredstatements="5" elements="7" coveredelements="7"/>
    </file>
    <file name="/srv/src/Service/UpdaterService/RegionalDexNumbersUpdaterService.php">
      <class name="App\Service\UpdaterService\RegionalDexNumbersUpdaterService" namespace="global">
        <metrics complexity="2" methods="2" coveredmethods="2" conditionals="0" coveredconditionals="0" statements="5" coveredstatements="5" elements="7" coveredelements="7"/>
      </class>
      <line num="12" type="method" name="__construct" visibility="public" complexity="1" crap="1" count="3"/>
      <line num="15" type="stmt" count="3"/>
      <line num="17" type="method" name="execute" visibility="public" complexity="1" crap="1" count="3"/>
      <line num="19" type="stmt" count="3"/>
      <line num="21" type="stmt" count="3"/>
      <line num="22" type="stmt" count="3"/>
      <line num="23" type="stmt" count="3"/>
      <metrics loc="26" ncloc="26" classes="1" methods="2" coveredmethods="2" conditionals="0" coveredconditionals="0" statements="5" coveredstatements="5" elements="7" coveredelements="7"/>
    </file>
    <file name="/srv/src/Service/UpdaterService/UpdaterServiceInterface.php">
      <metrics loc="15" ncloc="15" classes="0" methods="0" coveredmethods="0" conditionals="0" coveredconditionals="0" statements="0" coveredstatements="0" elements="0" coveredelements="0"/>
    </file>
    <file name="/srv/src/Updater/AbstractUpdater.php">
      <class name="App\Updater\AbstractUpdater" namespace="global">
        <metrics complexity="20" methods="14" coveredmethods="14" conditionals="0" coveredconditionals="0" statements="42" coveredstatements="42" elements="56" coveredelements="56"/>
      </class>
      <line num="24" type="method" name="__construct" visibility="public" complexity="1" crap="1" count="71"/>
      <line num="29" type="stmt" count="71"/>
      <line num="32" type="method" name="execute" visibility="public" complexity="2" crap="2" count="71"/>
      <line num="34" type="stmt" count="71"/>
      <line num="36" type="stmt" count="71"/>
      <line num="38" type="stmt" count="58"/>
      <line num="40" type="stmt" count="45"/>
      <line num="42" type="stmt" count="45"/>
      <line num="43" type="stmt" count="45"/>
      <line num="47" type="method" name="getStatistic" visibility="public" complexity="1" crap="1" count="10"/>
      <line num="49" type="stmt" count="10"/>
      <line num="65" type="method" name="getRecordsCellsRanges" visibility="protected" complexity="1" crap="1" count="39"/>
      <line num="67" type="stmt" count="39"/>
      <line num="73" type="method" name="validateHeader" visibility="protected" complexity="2" crap="2" count="58"/>
      <line num="75" type="stmt" count="58"/>
      <line num="77" type="stmt" count="58"/>
      <line num="78" type="stmt" count="58"/>
      <line num="80" type="stmt" count="58"/>
      <line num="81" type="stmt" count="13"/>
      <line num="88" type="method" name="getHeader" visibility="protected" complexity="2" crap="2" count="61"/>
      <line num="90" type="stmt" count="61"/>
      <line num="92" type="stmt" count="61"/>
      <line num="93" type="stmt" count="11"/>
      <line num="96" type="stmt" count="50"/>
      <line num="102" type="method" name="handleCellRange" visibility="protected" complexity="1" crap="1" count="39"/>
      <line num="104" type="stmt" count="39"/>
      <line num="105" type="stmt" count="31"/>
      <line num="112" type="method" name="getRecords" visibility="protected" complexity="1" crap="1" count="39"/>
      <line num="114" type="stmt" count="39"/>
      <line num="116" type="stmt" count="31"/>
      <line num="124" type="method" name="getRecordsData" visibility="protected" complexity="2" crap="2" count="45"/>
      <line num="126" type="stmt" count="45"/>
      <line num="128" type="stmt" count="41"/>
      <line num="129" type="stmt" count="4"/>
      <line num="132" type="stmt" count="37"/>
      <line num="141" type="method" name="transformRecords" visibility="protected" complexity="1" crap="1" count="37"/>
      <line num="143" type="stmt" count="37"/>
      <line num="145" type="stmt" count="37"/>
      <line num="147" type="stmt" count="37"/>
      <line num="148" type="stmt" count="37"/>
      <line num="154" type="method" name="getSheetValues" visibility="protected" complexity="3" crap="3" count="71"/>
      <line num="157" type="stmt" count="71"/>
      <line num="159" type="stmt" count="71"/>
      <line num="167" type="stmt" count="71"/>
      <line num="168" type="stmt" count="4"/>
      <line num="169" type="stmt" count="4"/>
      <line num="176" type="method" name="upsertRecords" visibility="protected" complexity="1" crap="1" count="31"/>
      <line num="178" type="stmt" count="31"/>
      <line num="181" type="method" name="removeExistingRecords" visibility="protected" complexity="1" crap="1" count="39"/>
      <line num="183" type="stmt" count="39"/>
      <line num="185" type="stmt" count="39"/>
      <line num="186" type="stmt" count="39"/>
      <line num="188" type="stmt" count="39"/>
      <line num="190" type="stmt" count="39"/>
      <line num="196" type="method" name="executeQuery" visibility="protected" complexity="1" crap="1" count="45"/>
      <line num="198" type="stmt" count="45"/>
      <metrics loc="201" ncloc="153" classes="1" methods="14" coveredmethods="14" conditionals="0" coveredconditionals="0" statements="42" coveredstatements="42" elements="56" coveredelements="56"/>
    </file>
    <file name="/srv/src/Updater/CatchStatesUpdater.php">
      <class name="App\Updater\CatchStatesUpdater" namespace="global">
        <metrics complexity="2" methods="2" coveredmethods="2" conditionals="0" coveredconditionals="0" statements="21" coveredstatements="21" elements="23" coveredelements="23"/>
      </class>
      <line num="18" type="method" name="getExpectedHeader" visibility="protected" complexity="1" crap="1" count="4"/>
      <line num="20" type="stmt" count="4"/>
      <line num="21" type="stmt" count="4"/>
      <line num="22" type="stmt" count="4"/>
      <line num="23" type="stmt" count="4"/>
      <line num="24" type="stmt" count="4"/>
      <line num="25" type="stmt" count="4"/>
      <line num="26" type="stmt" count="4"/>
      <line num="29" type="method" name="upsertRecord" visibility="protected" complexity="1" crap="1" count="3"/>
      <line num="31" type="stmt" count="3"/>
      <line num="32" type="stmt" count="3"/>
      <line num="33" type="stmt" count="3"/>
      <line num="34" type="stmt" count="3"/>
      <line num="35" type="stmt" count="3"/>
      <line num="36" type="stmt" count="3"/>
      <line num="37" type="stmt" count="3"/>
      <line num="38" type="stmt" count="3"/>
      <line num="40" type="stmt" count="3"/>
      <line num="42" type="stmt" count="3"/>
      <line num="43" type="stmt" count="3"/>
      <line num="68" type="stmt" count="3"/>
      <line num="70" type="stmt" count="3"/>
      <line num="72" type="stmt" count="3"/>
      <metrics loc="75" ncloc="74" classes="1" methods="2" coveredmethods="2" conditionals="0" coveredconditionals="0" statements="21" coveredstatements="21" elements="23" coveredelements="23"/>
    </file>
    <file name="/srv/src/Updater/DexUpdater.php">
      <class name="App\Updater\DexUpdater" namespace="global">
        <metrics complexity="2" methods="2" coveredmethods="2" conditionals="0" coveredconditionals="0" statements="37" coveredstatements="37" elements="39" coveredelements="39"/>
      </class>
[...]
      <line num="79" type="stmt" count="3"/>
      <line num="80" type="stmt" count="3"/>
      <line num="82" type="stmt" count="3"/>
      <line num="84" type="stmt" count="3"/>
      <line num="85" type="stmt" count="3"/>
      <line num="86" type="stmt" count="3"/>
      <line num="87" type="stmt" count="3"/>
      <line num="89" type="stmt" count="3"/>
      <line num="90" type="stmt" count="3"/>
      <line num="91" type="stmt" count="3"/>
      <line num="92" type="stmt" count="3"/>
      <line num="93" type="stmt" count="3"/>
      <line num="96" type="stmt" count="3"/>
      <line num="99" type="method" name="getExpectedHeader" visibility="protected" complexity="1" crap="1" count="4"/>
      <line num="101" type="stmt" count="4"/>
      <line num="103" type="stmt" count="4"/>
      <line num="104" type="stmt" count="4"/>
      <line num="105" type="stmt" count="4"/>
      <line num="106" type="stmt" count="4"/>
      <line num="107" type="stmt" count="4"/>
      <line num="108" type="stmt" count="4"/>
      <line num="109" type="stmt" count="4"/>
      <line num="112" type="method" name="getRecords" visibility="protected" complexity="1" crap="1" count="3"/>
      <line num="114" type="stmt" count="3"/>
      <line num="115" type="stmt" count="3"/>
      <line num="116" type="stmt" count="3"/>
      <line num="118" type="stmt" count="3"/>
      <line num="120" type="stmt" count="3"/>
      <line num="126" type="method" name="handleCellRange" visibility="protected" complexity="2" crap="2" count="3"/>
      <line num="128" type="stmt" count="3"/>
      <line num="130" type="stmt" count="3"/>
      <line num="131" type="stmt" count="3"/>
      <line num="132" type="stmt" count="3"/>
      <line num="133" type="stmt" count="3"/>
      <line num="140" type="method" name="upsertRecords" visibility="protected" complexity="2" crap="2" count="3"/>
      <line num="142" type="stmt" count="3"/>
      <line num="143" type="stmt" count="3"/>
      <line num="144" type="stmt" count="3"/>
      <line num="145" type="stmt" count="3"/>
      <line num="146" type="stmt" count="3"/>
      <line num="147" type="stmt" count="3"/>
      <line num="148" type="stmt" count="3"/>
      <line num="149" type="stmt" count="3"/>
      <line num="150" type="stmt" count="3"/>
      <line num="152" type="stmt" count="3"/>
      <line num="153" type="stmt" count="3"/>
      <line num="154" type="stmt" count="3"/>
      <line num="155" type="stmt" count="3"/>
      <line num="157" type="stmt" count="3"/>
      <line num="160" type="stmt" count="3"/>
      <line num="162" type="stmt" count="3"/>
      <line num="163" type="stmt" count="3"/>
      <line num="169" type="stmt" count="3"/>
      <line num="170" type="stmt" count="3"/>
      <line num="172" type="stmt" count="3"/>
      <line num="174" type="stmt" count="3"/>
      <line num="187" type="method" name="removeExistingRecords" visibility="protected" complexity="1" crap="1" count="3"/>
      <line num="189" type="stmt" count="3"/>
      <line num="191" type="stmt" count="3"/>
      <line num="192" type="stmt" count="3"/>
      <line num="193" type="stmt" count="3"/>
      <line num="195" type="stmt" count="3"/>
      <line num="201" type="method" name="getFromRecords" visibility="private" complexity="2" crap="2" count="3"/>
      <line num="203" type="stmt" count="3"/>
      <line num="204" type="stmt" count="3"/>
      <line num="205" type="stmt" count="3"/>
      <line num="212" type="method" name="transformRecord" visibility="private" complexity="2" crap="2" count="3"/>
      <line num="215" type="stmt" count="3"/>
      <line num="217" type="stmt" count="3"/>
      <line num="218" type="stmt" count="3"/>
      <line num="220" type="stmt" count="3"/>
      <line num="221" type="stmt" count="3"/>
      <line num="222" type="stmt" count="3"/>
      <line num="223" type="stmt" count="3"/>
      <line num="224" type="stmt" count="3"/>
      <line num="225" type="stmt" count="3"/>
      <line num="231" type="method" name="getGames" visibility="private" complexity="2" crap="2" count="5"/>
      <line num="233" type="stmt" count="5"/>
      <line num="234" type="stmt" count="4"/>
      <line num="237" type="stmt" count="5"/>
      <line num="239" type="stmt" count="5"/>
      <metrics loc="242" ncloc="214" classes="1" methods="11" coveredmethods="11" conditionals="0" coveredconditionals="0" statements="94" coveredstatements="94" elements="105" coveredelements="105"/>
    </file>
    <file name="/srv/src/Updater/GamesUpdater.php">
      <class name="App\Updater\GamesUpdater" namespace="global">
        <metrics complexity="2" methods="2" coveredmethods="2" conditionals="0" coveredconditionals="0" statements="19" coveredstatements="19" elements="21" coveredelements="21"/>
      </class>
      <line num="18" type="method" name="getExpectedHeader" visibility="protected" complexity="1" crap="1" count="4"/>
      <line num="20" type="stmt" count="4"/>
      <line num="21" type="stmt" count="4"/>
      <line num="22" type="stmt" count="4"/>
      <line num="23" type="stmt" count="4"/>
      <line num="24" type="stmt" count="4"/>
      <line num="25" type="stmt" count="4"/>
      <line num="28" type="method" name="upsertRecord" visibility="protected" complexity="1" crap="1" count="3"/>
      <line num="30" type="stmt" count="3"/>
      <line num="31" type="stmt" count="3"/>
      <line num="32" type="stmt" count="3"/>
      <line num="33" type="stmt" count="3"/>
      <line num="34" type="stmt" count="3"/>
      <line num="35" type="stmt" count="3"/>
      <line num="36" type="stmt" count="3"/>
      <line num="38" type="stmt" count="3"/>
      <line num="40" type="stmt" count="3"/>
      <line num="41" type="stmt" count="3"/>
      <line num="63" type="stmt" count="3"/>
      <line num="65" type="stmt" count="3"/>
      <line num="67" type="stmt" count="3"/>
      <metrics loc="70" ncloc="69" classes="1" methods="2" coveredmethods="2" conditionals="0" coveredconditionals="0" statements="19" coveredstatements="19" elements="21" coveredelements="21"/>
    </file>
    <file name="/srv/src/Updater/PokemonsUpdater.php">
      <class name="App\Updater\PokemonsUpdater" namespace="global">
        <metrics complexity="4" methods="4" coveredmethods="4" conditionals="0" coveredconditionals="0" statements="101" coveredstatements="101" elements="105" coveredelements="105"/>
      </class>
      <line num="18" type="method" name="getExpectedHeader" visibility="protected" complexity="1" crap="1" count="9"/>
      <line num="20" type="stmt" count="9"/>
      <line num="21" type="stmt" count="9"/>
      <line num="22" type="stmt" count="9"/>
      <line num="23" type="stmt" count="9"/>
      <line num="24" type="stmt" count="9"/>
      <line num="25" type="stmt" count="9"/>
      <line num="26" type="stmt" count="9"/>
      <line num="27" type="stmt" count="9"/>
      <line num="28" type="stmt" count="9"/>
      <line num="29" type="stmt" count="9"/>
      <line num="30" type="stmt" count="9"/>
      <line num="31" type="stmt" count="9"/>
      <line num="32" type="stmt" count="9"/>
      <line num="33" type="stmt" count="9"/>
      <line num="34" type="stmt" count="9"/>
      <line num="35" type="stmt" count="9"/>
      <line num="36" type="stmt" count="9"/>
      <line num="37" type="stmt" count="9"/>
      <line num="38" type="stmt" count="9"/>
      <line num="39" type="stmt" count="9"/>
      <line num="40" type="stmt" count="9"/>
      <line num="41" type="stmt" count="9"/>
      <line num="42" type="stmt" count="9"/>
      <line num="43" type="stmt" count="9"/>
      <line num="44" type="stmt" count="9"/>
      <line num="45" type="stmt" count="9"/>
      <line num="46" type="stmt" count="9"/>
      <line num="47" type="stmt" count="9"/>
      <line num="48" type="stmt" count="9"/>
      <line num="49" type="stmt" count="9"/>
      <line num="50" type="stmt" count="9"/>
      <line num="51" type="stmt" count="9"/>
      <line num="52" type="stmt" count="9"/>
      <line num="53" type="stmt" count="9"/>
      <line num="54" type="stmt" count="9"/>
      <line num="55" type="stmt" count="9"/>
      <line num="56" type="stmt" count="9"/>
      <line num="57" type="stmt" count="9"/>
      <line num="58" type="stmt" count="9"/>
      <line num="59" type="stmt" count="9"/>
      <line num="60" type="stmt" count="9"/>
      <line num="61" type="stmt" count="9"/>
      <line num="62" type="stmt" count="9"/>
      <line num="63" type="stmt" count="9"/>
      <line num="64" type="stmt" count="9"/>
      <line num="65" type="stmt" count="9"/>
      <line num="68" type="method" name="upsertRecord" visibility="protected" complexity="1" crap="1" count="8"/>
      <line num="70" type="stmt" count="8"/>
      <line num="72" type="stmt" count="8"/>
      <line num="74" type="stmt" count="8"/>
      <line num="147" type="stmt" count="8"/>
      <line num="149" type="stmt" count="8"/>
      <line num="151" type="stmt" count="8"/>
      <line num="159" type="method" name="getSqlParametersFromPokemon" visibility="private" complexity="1" crap="1" count="8"/>
      <line num="161" type="stmt" count="8"/>
      <line num="162" type="stmt" count="8"/>
      <line num="163" type="stmt" count="8"/>
      <line num="164" type="stmt" count="8"/>
      <line num="165" type="stmt" count="8"/>
      <line num="166" type="stmt" count="8"/>
      <line num="167" type="stmt" count="8"/>
      <line num="168" type="stmt" count="8"/>
      <line num="169" type="stmt" count="8"/>
      <line num="170" type="stmt" count="8"/>
      <line num="171" type="stmt" count="8"/>
      <line num="172" type="stmt" count="8"/>
      <line num="173" type="stmt" count="8"/>
      <line num="174" type="stmt" count="8"/>
      <line num="175" type="stmt" count="8"/>
      <line num="176" type="stmt" count="8"/>
      <line num="177" type="stmt" count="8"/>
      <line num="178" type="stmt" count="8"/>
      <line num="179" type="stmt" count="8"/>
      <line num="180" type="stmt" count="8"/>
      <line num="181" type="stmt" count="8"/>
      <line num="182" type="stmt" count="8"/>
      <line num="183" type="stmt" count="8"/>
      <line num="184" type="stmt" count="8"/>
      <line num="192" type="method" name="transformRecord" visibility="private" complexity="1" crap="1" count="8"/>
      <line num="195" type="stmt" count="8"/>
      <line num="197" type="stmt" count="8"/>
      <line num="199" type="stmt" count="8"/>
      <line num="200" type="stmt" count="8"/>
      <line num="201" type="stmt" count="8"/>
      <line num="202" type="stmt" count="8"/>
      <line num="203" type="stmt" count="8"/>
      <line num="204" type="stmt" count="8"/>
      <line num="205" type="stmt" count="8"/>
      <line num="206" type="stmt" count="8"/>
      <line num="207" type="stmt" count="8"/>
      <line num="208" type="stmt" count="8"/>
      <line num="209" type="stmt" count="8"/>
      <line num="210" type="stmt" count="8"/>
      <line num="211" type="stmt" count="8"/>
      <line num="212" type="stmt" count="8"/>
      <line num="213" type="stmt" count="8"/>
      <line num="214" type="stmt" count="8"/>
      <line num="215" type="stmt" count="8"/>
      <line num="216" type="stmt" count="8"/>
      <line num="217" type="stmt" count="8"/>
      <line num="218" type="stmt" count="8"/>
      <line num="219" type="stmt" count="8"/>
      <line num="220" type="stmt" count="8"/>
      <line num="221" type="stmt" count="8"/>
      <metrics loc="224" ncloc="211" classes="1" methods="4" coveredmethods="4" conditionals="0" coveredconditionals="0" statements="101" coveredstatements="101" elements="105" coveredelements="105"/>
    </file>
    <file name="/srv/src/Updater/RegionalDexNumbersUpdater.php">
      <class name="App\Updater\RegionalDexNumbersUpdater" namespace="global">
        <metrics complexity="20" methods="11" coveredmethods="11" conditionals="0" coveredconditionals="0" statements="96" coveredstatements="96" elements="107" coveredelements="107"/>
      </class>
      <line num="33" type="method" name="__construct" visibility="public" complexity="1" crap="1" count="5"/>
      <line num="39" type="stmt" count="5"/>
      <line num="40" type="stmt" count="5"/>
      <line num="41" type="stmt" count="5"/>
      <line num="42" type="stmt" count="5"/>
      <line num="43" type="stmt" count="5"/>
      <line num="49" type="method" name="getRecordsCellsRanges" visibility="protected" complexity="2" crap="2" count="3"/>
      <line num="51" type="stmt" count="3"/>
      <line num="52" type="stmt" count="3"/>
      <line num="54" type="stmt" count="3"/>
      <line num="56" type="stmt" count="3"/>
      <line num="57" type="stmt" count="3"/>
      <line num="58" type="stmt" count="3"/>
      <line num="59" type="stmt" count="3"/>
      <line num="61" type="stmt" count="3"/>
      <line num="62" type="stmt" count="3"/>
      <line num="63" type="stmt" count="3"/>
      <line num="64" type="stmt" count="3"/>
      <line num="65" type="stmt" count="3"/>
      <line num="68" type="stmt" count="3"/>
      <line num="74" type="method" name="getHeader" visibility="protected" complexity="2" crap="2" count="5"/>
      <line num="76" type="stmt" count="5"/>
      <line num="78" type="stmt" count="5"/>
      <line num="79" type="stmt" count="5"/>
      <line num="80" type="stmt" count="5"/>
      <line num="81" type="stmt" count="5"/>
      <line num="82" type="stmt" count="5"/>
      <line num="83" type="stmt" count="5"/>
      <line num="84" type="stmt" count="5"/>
      <line num="85" type="stmt" count="5"/>
      <line num="86" type="stmt" count="5"/>
      <line num="87" type="stmt" count="5"/>
      <line num="88" type="stmt" count="5"/>
      <line num="90" type="stmt" count="5"/>
      <line num="92" type="stmt" count="5"/>
      <line num="93" type="stmt" count="1"/>
      <line num="96" type="stmt" count="4"/>
      <line num="99" type="method" name="getExpectedHeader" visibility="protected" complexity="1" crap="1" count="4"/>
      <line num="101" type="stmt" count="4"/>
      <line num="103" type="stmt" count="4"/>
      <line num="104" type="stmt" count="4"/>
      <line num="105" type="stmt" count="4"/>
      <line num="106" type="stmt" count="4"/>
      <line num="107" type="stmt" count="4"/>
      <line num="108" type="stmt" count="4"/>
      <line num="109" type="stmt" count="4"/>
      <line num="112" type="method" name="getRecords" visibility="protected" complexity="1" crap="1" count="3"/>
      <line num="114" type="stmt" count="3"/>
      <line num="115" type="stmt" count="3"/>
      <line num="116" type="stmt" count="3"/>
      <line num="118" type="stmt" count="3"/>
      <line num="120" type="stmt" count="3"/>
      <line num="126" type="method" name="handleCellRange" visibility="protected" complexity="2" crap="2" count="3"/>
      <line num="128" type="stmt" count="3"/>
      <line num="130" type="stmt" count="3"/>
      <line num="131" type="stmt" count="3"/>
      <line num="132" type="stmt" count="3"/>
      <line num="133" type="stmt" count="3"/>
      <line num="140" type="method" name="upsertRecords" visibility="protected" complexity="2" crap="2" count="3"/>
      <line num="142" type="stmt" count="3"/>
      <line num="143" type="stmt" count="3"/>
      <line num="144" type="stmt" count="3"/>
      <line num="145" type="stmt" count="3"/>
      <line num="146" type="stmt" count="3"/>
      <line num="147" type="stmt" count="3"/>
      <line num="148" type="stmt" count="3"/>
      <line num="149" type="stmt" count="3"/>
      <line num="150" type="stmt" count="3"/>
      <line num="152" type="stmt" count="3"/>
      <line num="153" type="stmt" count="3"/>
      <line num="154" type="stmt" count="3"/>
      <line num="155" type="stmt" count="3"/>
      <line num="157" type="stmt" count="3"/>
      <line num="160" type="stmt" count="3"/>
      <line num="162" type="stmt" count="3"/>
      <line num="163" type="stmt" count="3"/>
      <line num="169" type="stmt" count="3"/>
      <line num="170" type="stmt" count="3"/>
      <line num="172" type="stmt" count="3"/>
      <line num="174" type="stmt" count="3"/>
      <line num="187" type="method" name="removeExistingRecords" visibility="protected" complexity="1" crap="1" count="3"/>
      <line num="189" type="stmt" count="3"/>
      <line num="191" type="stmt" count="3"/>
      <line num="192" type="stmt" count="3"/>
      <line num="193" type="stmt" count="3"/>
      <line num="195" type="stmt" count="3"/>
      <line num="201" type="method" name="getFromRecords" visibility="private" complexity="2" crap="2" count="3"/>
      <line num="203" type="stmt" count="3"/>
      <line num="204" type="stmt" count="3"/>
      <line num="205" type="stmt" count="3"/>
      <line num="212" type="method" name="transformRecord" visibility="private" complexity="3" crap="3" count="3"/>
      <line num="215" type="stmt" count="3"/>
      <line num="216" type="stmt" count="3"/>
      <line num="217" type="stmt" count="3"/>
      <line num="219" type="stmt" count="3"/>
      <line num="220" type="stmt" count="3"/>
      <line num="221" type="stmt" count="3"/>
      <line num="224" type="stmt" count="3"/>
      <line num="225" type="stmt" count="3"/>
      <line num="226" type="stmt" count="3"/>
      <line num="227" type="stmt" count="3"/>
      <line num="228" type="stmt" count="3"/>
      <line num="235" type="method" name="getRegions" visibility="private" complexity="2" crap="2" count="5"/>
      <line num="237" type="stmt" count="5"/>
      <line num="238" type="stmt" count="4"/>
      <line num="241" type="stmt" count="5"/>
      <line num="243" type="stmt" count="5"/>
      <metrics loc="246" ncloc="218" classes="1" methods="11" coveredmethods="11" conditionals="0" coveredconditionals="0" statements="96" coveredstatements="96" elements="107" coveredelements="107"/>
    </file>
    <file name="/srv/src/Updater/RegionsUpdater.php">
      <class name="App\Updater\RegionsUpdater" namespace="global">
        <metrics complexity="2" methods="2" coveredmethods="2" conditionals="0" coveredconditionals="0" statements="18" coveredstatements="18" elements="20" coveredelements="20"/>
      </class>
      <line num="18" type="method" name="getExpectedHeader" visibility="protected" complexity="1" crap="1" count="4"/>
      <line num="20" type="stmt" count="4"/>
      <line num="21" type="stmt" count="4"/>
      <line num="22" type="stmt" count="4"/>
      <line num="23" type="stmt" count="4"/>
      <line num="24" type="stmt" count="4"/>
      <line num="25" type="stmt" count="4"/>
      <line num="28" type="method" name="upsertRecord" visibility="protected" complexity="1" crap="1" count="3"/>
      <line num="30" type="stmt" count="3"/>
      <line num="31" type="stmt" count="3"/>
      <line num="32" type="stmt" count="3"/>
      <line num="33" type="stmt" count="3"/>
      <line num="34" type="stmt" count="3"/>
      <line num="35" type="stmt" count="3"/>
      <line num="36" type="stmt" count="3"/>
      <line num="38" type="stmt" count="3"/>
      <line num="40" type="stmt" count="3"/>
      <line num="41" type="stmt" count="3"/>
      <line num="63" type="stmt" count="3"/>
      <line num="65" type="stmt" count="3"/>
      <metrics loc="68" ncloc="67" classes="1" methods="2" coveredmethods="2" conditionals="0" coveredconditionals="0" statements="18" coveredstatements="18" elements="20" coveredelements="20"/>
    </file>
    <file name="/srv/src/Updater/UpdaterInterface.php">
      <metrics loc="15" ncloc="15" classes="0" methods="0" coveredmethods="0" conditionals="0" coveredconditionals="0" statements="0" coveredstatements="0" elements="0" coveredelements="0"/>
    </file>
    <metrics files="95" loc="4425" ncloc="4179" classes="65" methods="181" coveredmethods="181" conditionals="0" coveredconditionals="0" statements="884" coveredstatements="884" elements="1065" coveredelements="1065"/>
  </project>
</coverage>
